<?xml version="1.0" encoding="UTF-8"?>
<testsuite name="com.taskmanager.app.controller.TaskControllerTest" tests="5" skipped="0" failures="0" errors="0" timestamp="2026-04-14T15:53:08.239Z" hostname="DANIEL" time="0.362">
  <properties/>
  <testcase name="shouldUpdateTask()" classname="com.taskmanager.app.controller.TaskControllerTest" time="0.33"/>
  <testcase name="shouldReturnAllTasks()" classname="com.taskmanager.app.controller.TaskControllerTest" time="0.012"/>
  <testcase name="shouldToggleComplete()" classname="com.taskmanager.app.controller.TaskControllerTest" time="0.005"/>
  <testcase name="shouldCreateTask()" classname="com.taskmanager.app.controller.TaskControllerTest" time="0.005"/>
  <testcase name="shouldDeleteTask()" classname="com.taskmanager.app.controller.TaskControllerTest" time="0.004"/>
  <system-out><![CDATA[10:53:05.069 [Test worker] INFO org.springframework.test.context.support.AnnotationConfigContextLoaderUtils -- Could not detect default configuration classes for test class [com.taskmanager.app.controller.TaskControllerTest]: TaskControllerTest does not declare any static, non-private, non-final, nested classes annotated with @Configuration.
10:53:05.212 [Test worker] INFO org.springframework.boot.test.context.SpringBootTestContextBootstrapper -- Found @SpringBootConfiguration com.taskmanager.app.TaskManagerApplication for test class com.taskmanager.app.controller.TaskControllerTest

  .   ____          _            __ _ _
 /\\ / ___'_ __ _ _(_)_ __  __ _ \ \ \ \
( ( )\___ | '_ | '_| | '_ \/ _` | \ \ \ \
 \\/  ___)| |_)| | | | | || (_| |  ) ) ) )
  '  |____| .__|_| |_|_| |_\__, | / / / /
 =========|_|==============|___/=/_/_/_/

 :: Spring Boot ::                (v3.3.2)

2026-04-14T10:53:05.804-05:00  INFO 39504 --- [    Test worker] c.t.app.controller.TaskControllerTest    : Starting TaskControllerTest using Java 17.0.12 with PID 39504 (started by Danny in C:\Users\Danny\Documents\00.CodingProjects\01.new-projects\ai-task-manager\backend)
2026-04-14T10:53:05.808-05:00  INFO 39504 --- [    Test worker] c.t.app.controller.TaskControllerTest    : No active profile set, falling back to 1 default profile: "default"
2026-04-14T10:53:08.165-05:00  INFO 39504 --- [    Test worker] o.s.b.t.m.w.SpringBootMockServletContext : Initializing Spring TestDispatcherServlet ''
2026-04-14T10:53:08.165-05:00  INFO 39504 --- [    Test worker] o.s.t.web.servlet.TestDispatcherServlet  : Initializing Servlet ''
2026-04-14T10:53:08.169-05:00  INFO 39504 --- [    Test worker] o.s.t.web.servlet.TestDispatcherServlet  : Completed initialization in 1 ms
2026-04-14T10:53:08.220-05:00  INFO 39504 --- [    Test worker] c.t.app.controller.TaskControllerTest    : Started TaskControllerTest in 2.903 seconds (process running for 4.112)
]]></system-out>
  <system-err><![CDATA[]]></system-err>
</testsuite>
