<?xml version="1.0" encoding="UTF-8"?>
<testsuite name="com.taskmanager.app.models.TaskTest" tests="2" skipped="0" failures="0" errors="0" timestamp="2026-04-14T15:53:08.606Z" hostname="DANIEL" time="0.008">
  <properties/>
  <testcase name="testGettersAndSetters()" classname="com.taskmanager.app.models.TaskTest" time="0.006"/>
  <testcase name="testConstructor()" classname="com.taskmanager.app.models.TaskTest" time="0.001"/>
  <system-out><![CDATA[]]></system-out>
  <system-err><![CDATA[]]></system-err>
</testsuite>
